5/26/2015 10:56:45 AMLog file opened
c:\users\administrator\documents\webstripper\sbpgroup\index.html Success
Not Success: ://www.sbpgroup.in/favicon.ico
c:\users\administrator\documents\webstripper\sbpgroup\home-loans.html Success
c:\users\administrator\documents\webstripper\sbpgroup\rtgs-information.html Success
c:\users\administrator\documents\webstripper\sbpgroup\nri-section.html Success
c:\users\administrator\documents\webstripper\sbpgroup\real-estate-faqs.html Success
c:\users\administrator\documents\webstripper\sbpgroup\images\sbp-brochure.jpg Success
c:\users\administrator\documents\webstripper\sbpgroup\virtual-tour.html Success
c:\users\administrator\documents\webstripper\sbpgroup\subscribe.php Success
c:\users\administrator\documents\webstripper\sbpgroup\company-profile.html Success
c:\users\administrator\documents\webstripper\sbpgroup\mission-and-vision.html Success
c:\users\administrator\documents\webstripper\sbpgroup\chairman-message.html Success
c:\users\administrator\documents\webstripper\sbpgroup\why-choose-us.html Success
c:\users\administrator\documents\webstripper\sbpgroup\events-at-sbp.html Success
c:\users\administrator\documents\webstripper\sbpgroup\press-releases.html Success
c:\users\administrator\documents\webstripper\sbpgroup\news-updates.html Success
c:\users\administrator\documents\webstripper\sbpgroup\newsletter.html Success
c:\users\administrator\documents\webstripper\sbpgroup\meet-us.html Success
c:\users\administrator\documents\webstripper\sbpgroup\careers.html Success
c:\users\administrator\documents\webstripper\sbpgroup\sales-query-form.html Success
c:\users\administrator\documents\webstripper\sbpgroup\sbp-noor-villa-1.html Success
c:\users\administrator\documents\webstripper\sbpgroup\sbp-noor-villa-2.html Success
c:\users\administrator\documents\webstripper\sbpgroup\sbp-noor-city.html Success
c:\users\administrator\documents\webstripper\sbpgroup\sbp-homes-1.html Success
c:\users\administrator\documents\webstripper\sbpgroup\sbp-homes-2.html Success
c:\users\administrator\documents\webstripper\sbpgroup\sbp-south-city.html Success
c:\users\administrator\documents\webstripper\sbpgroup\sbp-north-valley.html Success
c:\users\administrator\documents\webstripper\sbpgroup\sbp-homes-3.html Success
c:\users\administrator\documents\webstripper\sbpgroup\sbp-housing-park.html Success
c:\users\administrator\documents\webstripper\sbpgroup\world-1-lifestyle.html Success
c:\users\administrator\documents\webstripper\sbpgroup\park-land.html Success
c:\users\administrator\documents\webstripper\sbpgroup\nano-housing.html Success
c:\users\administrator\documents\webstripper\sbpgroup\chandigarh-logistic-park.html Success
c:\users\administrator\documents\webstripper\sbpgroup\the-north-wild-resort.html Success
c:\users\administrator\documents\webstripper\sbpgroup\cityheart.co.in\index.html Success
Not Success: http://www.facebook.com/sbpgroup
Not Success: http://twitter.com/sbp_group
Not Success: http://plus.google.com/+SbpgroupIn
Not Success: http://www.youtube.com/user/sbpgroupin
c:\users\administrator\documents\webstripper\sbpgroup\index.39.html Success
c:\users\administrator\documents\webstripper\sbpgroup\amsinformatics.com\index.html Success
c:\users\administrator\documents\webstripper\sbpgroup\js\script.js Success
c:\users\administrator\documents\webstripper\sbpgroup\css\style.css Success
c:\users\administrator\documents\webstripper\sbpgroup\fonts.googleapis.com\css.43.html Success
c:\users\administrator\documents\webstripper\sbpgroup\css\ddsmoothmenu.css Success
c:\users\administrator\documents\webstripper\sbpgroup\js\jquery.min.js Success
c:\users\administrator\documents\webstripper\sbpgroup\js\ddsmoothmenu.js Success
c:\users\administrator\documents\webstripper\sbpgroup\js\camera.min.js Success
c:\users\administrator\documents\webstripper\sbpgroup\images\drop-arrow.png Success
c:\users\administrator\documents\webstripper\sbpgroup\images\drop-arrow-hover.png Success
c:\users\administrator\documents\webstripper\sbpgroup\images\drop-arrow-1.png Success
c:\users\administrator\documents\webstripper\sbpgroup\images\drop-arrow-1-hover.png Success
c:\users\administrator\documents\webstripper\sbpgroup\images\banner-inner.jpg Success
c:\users\administrator\documents\webstripper\sbpgroup\images\arrow.png Success
c:\users\administrator\documents\webstripper\sbpgroup\images\more-bg.jpg Success
c:\users\administrator\documents\webstripper\sbpgroup\images\like-icon.png Success
c:\users\administrator\documents\webstripper\sbpgroup\images\why-icon.png Success
c:\users\administrator\documents\webstripper\sbpgroup\images\why-icon2.png Success
c:\users\administrator\documents\webstripper\sbpgroup\images\border-blue.jpg Success
c:\users\administrator\documents\webstripper\sbpgroup\images\subs-icon.png Success
c:\users\administrator\documents\webstripper\sbpgroup\images\social_f.png Success
c:\users\administrator\documents\webstripper\sbpgroup\images\border-gray.jpg Success
c:\users\administrator\documents\webstripper\sbpgroup\images\bullet1.png Success
c:\users\administrator\documents\webstripper\sbpgroup\images\client-icon.jpg Success
c:\users\administrator\documents\webstripper\sbpgroup\images\sbp-icon.jpg Success
Not Success: http://www.sbpgroup.in/js/]*)((?:/([^/)]+/)|[^/2/(/)]*)+)/2/))?/},attrMap:{
Not Success: http://www.sbpgroup.in/js/,ab=X&&!//W/.test(T),Y=X&&!ab;if(ab&&!Z){T=T.toUpperCase()}for(var%20W=0,V=aa.length,U;W<V;W++){if((U=aa[W])){while((U=U.previousSibling)&&U.nodeType!==1){}aa[W]=Y||U&&U.nodeName===T?U||false:U===T}}if(Y){F.filter(T,aa,true)}},
Not Success: http://www.sbpgroup.in/js/:function(W,U,Y){var%20V=L++,T=S;if(!U.match(//W/)){var%20X=U=Y?U:U.toUpperCase();T=P}T(
Not Success: http://www.sbpgroup.in/js/&&!U.match(//W/)){var%20X=U=Y?U:U.toUpperCase();T=P}T(
Not Success: http://www.sbpgroup.in/js/)},TAG:function(U,T){for(var%20V=0;T[V]===false;V++){}return%20T[V]&&Q(T[V])?U[1]:U[1].toUpperCase()},CHILD:function(T){if(T[1]==
Not Success: http://www.sbpgroup.in/js/){var%20U=/(-?)(/d*)n((?:/+|-)?/d*)/.exec(T[2]==
Not Success: http://www.sbpgroup.in/js/).indexOf(T)>-1},ATTR:function(Y,W){var%20V=W[1],T=I.attrHandle[V]?I.attrHandle[V](Y):Y[V]!=null?Y[V]:Y.getAttribute(V),Z=T+
Not Success: http://www.sbpgroup.in/js/,X=W[2],U=W[4];return%20T==null?X===
Not Success: http://www.sbpgroup.in/js/).indexOf(U)>=0:!U?Z&&T!==false:X===
Not Success: http://www.sbpgroup.in/js/,Y,V=aa.nodeType?[aa]:aa;while((Y=I.match.PSEUDO.exec(T))){X+=Y[0];T=T.replace(I.match.PSEUDO,
Not Success: http://www.sbpgroup.in/js/)}T=I.relative[T]?T+
Not Success: http://www.sbpgroup.in/js/),function(F,E){o.fn[E]=function(G){return%20G?this.bind(E,G):this.trigger(E)}});o(l).bind(
Not Success: http://www.sbpgroup.in/js/})})();var%20w=o.support.cssFloat?
Not Success: http://www.sbpgroup.in/js/){F.html(E?o(
Not Success: http://www.sbpgroup.in/js/).append(M.responseText.replace(/<script(.|/s)*?//script>/g,
Not Success: http://www.sbpgroup.in/js/){if(!M.url.match(F)){M.url+=(M.url.match(//?/)?
Not Success: http://www.sbpgroup.in/js/}}else{if(!M.data||!M.data.match(F)){M.data=(M.data?M.data+
Not Success: http://www.sbpgroup.in/js/){var%20E=e();var%20U=M.url.replace(/(/?|&)_=.*?(&|$)/,
Not Success: http://www.sbpgroup.in/js/);M.url=U+((U==M.url)?(M.url.match(//?/)?
Not Success: http://www.sbpgroup.in/js/){M.url+=(M.url.match(//?/)?
Not Success: http://www.sbpgroup.in/js/)}var%20Q=/^(/w+:)?////([^//?
Not Success: http://www.sbpgroup.in/js/,M.dataType&&M.accepts[M.dataType]?M.accepts[M.dataType]+
Not Success: http://www.sbpgroup.in/js/:!o.httpSuccess(J)?
Not Success: http://www.sbpgroup.in/js/:M.ifModified&&o.httpNotModified(J,M.url)?
Not Success: http://www.sbpgroup.in/js/)>=0,I=E?J.responseXML:J.responseText;if(E&&I.documentElement.tagName==
Not Success: http://www.sbpgroup.in/js/);K=I.css(
Not Success: http://www.sbpgroup.in/js/;return%20o.isFunction(G)&&o.isFunction(F)?this._toggle.apply(this,arguments):G==null||E?this.each(function(){var%20H=E?G:o(this).is(
Not Success: http://www.sbpgroup.in/js/);o(this)[H?
Not Success: http://www.sbpgroup.in/js/,3),G,F)},fadeTo:function(E,G,F){return%20this.animate({opacity:G},E,F)},animate:function(I,F,H,G){var%20E=o.speed(F,H,G);return%20this[E.queue===false?
Not Success: http://www.sbpgroup.in/js/](function(){var%20K=o.extend({},E),M,L=this.nodeType==1&&o(this).is(
Not Success: http://www.sbpgroup.in/js/}},cur:function(F){if(this.elem[this.prop]!=null&&(!this.elem.style||this.elem.style[this.prop]==null)){return%20this.elem[this.prop]}var%20E=parseFloat(o.css(this.elem,this.prop,F));return%20E&&E>-10000?E:parseFloat(o.curCSS(this.elem,this.prop))||0},custom:function(I,H,G){this.startTime=e();this.start=I;this.end=H;this.unit=G||this.unit||
Not Success: http://www.sbpgroup.in/js/}}if(this.options.hide){o(this.elem).hide()}if(this.options.hide||this.options.show){for(var%20I%20in%20this.options.curAnim){o.attr(this.elem.style,I,this.options.orig[I])}}this.options.complete.call(this.elem)}return%20false}else{var%20J=G-this.startTime;this.state=J/this.options.duration;this.pos=o.easing[this.options.easing||(o.easing.swing?
Not Success: http://www.sbpgroup.in/js/,true),10)||0}return{top:G,left:F}}};o.fn.extend({position:function(){var%20I=0,H=0,F;if(this[0]){var%20G=this.offsetParent(),J=this.offset(),E=/^body|html$/i.test(G[0].tagName)?{top:0,left:0}:G.offset();J.top-=j(this,
Not Success: http://www.sbpgroup.in/js/+E;o.fn[G]=function(H){if(!this[0]){return%20null}return%20H!==g?this.each(function(){this==l||this==document?l.scrollTo(!F?H:o(l).scrollLeft(),F?H:o(l).scrollTop()):this[G]=H}):this[0]==l||this[0]==document?self[F?
Not Success: http://www.sbpgroup.in/js/],function(I,G){var%20E=I?
Not Success: http://www.sbpgroup.in/js/,H=I?
Not Success: http://www.sbpgroup.in/js/,F=G.toLowerCase();o.fn[
Not Success: http://www.sbpgroup.in/js/+G]=function(){return%20this[0]?o.css(this[0],F,false,
Not Success: http://www.sbpgroup.in/js/):null};o.fn[
Not Success: http://www.sbpgroup.in/js/+G]=function(K){return%20this[0]?o.css(this[0],F,false,K?
Not Success: http://www.sbpgroup.in/js/):null};var%20J=G.toLowerCase();o.fn[J]=function(K){return%20this[0]==l?document.compatMode==
Not Success: http://www.sbpgroup.in/js/+G]:this[0]==document?Math.max(document.documentElement[
5/26/2015 10:56:46 AM Parsing complete
